<?xml version="1.0" encoding="UTF-8"?>
<testsuite name="org.binchoo.genshin.dailycheck.client.services.RestTemplateDailyCheckServiceTest" tests="4" skipped="0" failures="0" errors="0" timestamp="2021-10-27T11:48:32" hostname="DESKTOP-RGN2VOK" time="2.649">
  <properties/>
  <testcase name="postUserCheckedInToday_response_OK_invalid_user" classname="org.binchoo.genshin.dailycheck.client.services.RestTemplateDailyCheckServiceTest" time="1.361"/>
  <testcase name="getMonthlyDailyCheckStatus_response_OK" classname="org.binchoo.genshin.dailycheck.client.services.RestTemplateDailyCheckServiceTest" time="0.509"/>
  <testcase name="postUserCheckedInToday_response_OK" classname="org.binchoo.genshin.dailycheck.client.services.RestTemplateDailyCheckServiceTest" time="0.21"/>
  <testcase name="getMonthlyDailyCheckStatus_response_OK_invalid_user" classname="org.binchoo.genshin.dailycheck.client.services.RestTemplateDailyCheckServiceTest" time="0.567"/>
  <system-out><![CDATA[20:48:24.741 [Test worker] DEBUG org.springframework.test.context.junit4.SpringJUnit4ClassRunner - SpringJUnit4ClassRunner constructor called with [class org.binchoo.genshin.dailycheck.client.services.RestTemplateDailyCheckServiceTest]
20:48:24.749 [Test worker] DEBUG org.springframework.test.context.BootstrapUtils - Instantiating CacheAwareContextLoaderDelegate from class [org.springframework.test.context.cache.DefaultCacheAwareContextLoaderDelegate]
20:48:24.758 [Test worker] DEBUG org.springframework.test.context.BootstrapUtils - Instantiating BootstrapContext using constructor [public org.springframework.test.context.support.DefaultBootstrapContext(java.lang.Class,org.springframework.test.context.CacheAwareContextLoaderDelegate)]
20:48:24.776 [Test worker] DEBUG org.springframework.test.context.BootstrapUtils - Instantiating TestContextBootstrapper for test class [org.binchoo.genshin.dailycheck.client.services.RestTemplateDailyCheckServiceTest] from class [org.springframework.boot.test.context.SpringBootTestContextBootstrapper]
20:48:24.791 [Test worker] INFO org.springframework.boot.test.context.SpringBootTestContextBootstrapper - Neither @ContextConfiguration nor @ContextHierarchy found for test class [org.binchoo.genshin.dailycheck.client.services.RestTemplateDailyCheckServiceTest], using SpringBootContextLoader
20:48:24.795 [Test worker] DEBUG org.springframework.test.context.support.AbstractContextLoader - Did not detect default resource location for test class [org.binchoo.genshin.dailycheck.client.services.RestTemplateDailyCheckServiceTest]: class path resource [org/binchoo/genshin/dailycheck/client/services/RestTemplateDailyCheckServiceTest-context.xml] does not exist
20:48:24.795 [Test worker] DEBUG org.springframework.test.context.support.AbstractContextLoader - Did not detect default resource location for test class [org.binchoo.genshin.dailycheck.client.services.RestTemplateDailyCheckServiceTest]: class path resource [org/binchoo/genshin/dailycheck/client/services/RestTemplateDailyCheckServiceTestContext.groovy] does not exist
20:48:24.795 [Test worker] INFO org.springframework.test.context.support.AbstractContextLoader - Could not detect default resource locations for test class [org.binchoo.genshin.dailycheck.client.services.RestTemplateDailyCheckServiceTest]: no resource found for suffixes {-context.xml, Context.groovy}.
20:48:24.796 [Test worker] INFO org.springframework.test.context.support.AnnotationConfigContextLoaderUtils - Could not detect default configuration classes for test class [org.binchoo.genshin.dailycheck.client.services.RestTemplateDailyCheckServiceTest]: RestTemplateDailyCheckServiceTest does not declare any static, non-private, non-final, nested classes annotated with @Configuration.
20:48:24.842 [Test worker] DEBUG org.springframework.test.context.support.ActiveProfilesUtils - Could not find an 'annotation declaring class' for annotation type [org.springframework.test.context.ActiveProfiles] and class [org.binchoo.genshin.dailycheck.client.services.RestTemplateDailyCheckServiceTest]
20:48:24.938 [Test worker] DEBUG org.springframework.context.annotation.ClassPathScanningCandidateComponentProvider - Identified candidate component class: file [F:\repositories\HoyolabDailyCheckProject\build\classes\java\main\org\binchoo\genshin\dailycheck\Application.class]
20:48:24.939 [Test worker] INFO org.springframework.boot.test.context.SpringBootTestContextBootstrapper - Found @SpringBootConfiguration org.binchoo.genshin.dailycheck.Application for test class org.binchoo.genshin.dailycheck.client.services.RestTemplateDailyCheckServiceTest
20:48:25.082 [Test worker] DEBUG org.springframework.boot.test.context.SpringBootTestContextBootstrapper - @TestExecutionListeners is not present for class [org.binchoo.genshin.dailycheck.client.services.RestTemplateDailyCheckServiceTest]: using defaults.
20:48:25.083 [Test worker] INFO org.springframework.boot.test.context.SpringBootTestContextBootstrapper - Loaded default TestExecutionListener class names from location [META-INF/spring.factories]: [org.springframework.boot.test.autoconfigure.restdocs.RestDocsTestExecutionListener, org.springframework.boot.test.autoconfigure.web.client.MockRestServiceServerResetTestExecutionListener, org.springframework.boot.test.autoconfigure.web.servlet.MockMvcPrintOnlyOnFailureTestExecutionListener, org.springframework.boot.test.autoconfigure.web.servlet.WebDriverTestExecutionListener, org.springframework.boot.test.mock.mockito.MockitoTestExecutionListener, org.springframework.boot.test.mock.mockito.ResetMocksTestExecutionListener, org.springframework.test.context.web.ServletTestExecutionListener, org.springframework.test.context.support.DirtiesContextBeforeModesTestExecutionListener, org.springframework.test.context.support.DependencyInjectionTestExecutionListener, org.springframework.test.context.support.DirtiesContextTestExecutionListener, org.springframework.test.context.transaction.TransactionalTestExecutionListener, org.springframework.test.context.jdbc.SqlScriptsTestExecutionListener]
20:48:25.113 [Test worker] INFO org.springframework.boot.test.context.SpringBootTestContextBootstrapper - Using TestExecutionListeners: [org.springframework.test.context.web.ServletTestExecutionListener@5741405, org.springframework.test.context.support.DirtiesContextBeforeModesTestExecutionListener@687bc85, org.springframework.boot.test.mock.mockito.MockitoTestExecutionListener@b3b9873, org.springframework.boot.test.autoconfigure.SpringBootDependencyInjectionTestExecutionListener@47f7a92d, org.springframework.test.context.support.DirtiesContextTestExecutionListener@628649ea, org.springframework.test.context.transaction.TransactionalTestExecutionListener@595ea2ab, org.springframework.test.context.jdbc.SqlScriptsTestExecutionListener@ef151f3, org.springframework.boot.test.autoconfigure.restdocs.RestDocsTestExecutionListener@74b52fc1, org.springframework.boot.test.autoconfigure.web.client.MockRestServiceServerResetTestExecutionListener@24ace1a4, org.springframework.boot.test.autoconfigure.web.servlet.MockMvcPrintOnlyOnFailureTestExecutionListener@84b5460, org.springframework.boot.test.autoconfigure.web.servlet.WebDriverTestExecutionListener@cb1f253, org.springframework.boot.test.mock.mockito.ResetMocksTestExecutionListener@51271f23]
20:48:25.117 [Test worker] DEBUG org.springframework.test.annotation.ProfileValueUtils - Retrieved @ProfileValueSourceConfiguration [null] for test class [org.binchoo.genshin.dailycheck.client.services.RestTemplateDailyCheckServiceTest]
20:48:25.117 [Test worker] DEBUG org.springframework.test.annotation.ProfileValueUtils - Retrieved ProfileValueSource type [class org.springframework.test.annotation.SystemProfileValueSource] for class [org.binchoo.genshin.dailycheck.client.services.RestTemplateDailyCheckServiceTest]
20:48:25.119 [Test worker] DEBUG org.springframework.test.annotation.ProfileValueUtils - Retrieved @ProfileValueSourceConfiguration [null] for test class [org.binchoo.genshin.dailycheck.client.services.RestTemplateDailyCheckServiceTest]
20:48:25.120 [Test worker] DEBUG org.springframework.test.annotation.ProfileValueUtils - Retrieved ProfileValueSource type [class org.springframework.test.annotation.SystemProfileValueSource] for class [org.binchoo.genshin.dailycheck.client.services.RestTemplateDailyCheckServiceTest]
20:48:25.120 [Test worker] DEBUG org.springframework.test.annotation.ProfileValueUtils - Retrieved @ProfileValueSourceConfiguration [null] for test class [org.binchoo.genshin.dailycheck.client.services.RestTemplateDailyCheckServiceTest]
20:48:25.120 [Test worker] DEBUG org.springframework.test.annotation.ProfileValueUtils - Retrieved ProfileValueSource type [class org.springframework.test.annotation.SystemProfileValueSource] for class [org.binchoo.genshin.dailycheck.client.services.RestTemplateDailyCheckServiceTest]
20:48:25.125 [Test worker] DEBUG org.springframework.test.context.support.AbstractDirtiesContextTestExecutionListener - Before test class: context [DefaultTestContext@55830ee testClass = RestTemplateDailyCheckServiceTest, testInstance = [null], testMethod = [null], testException = [null], mergedContextConfiguration = [WebMergedContextConfiguration@5167bdbc testClass = RestTemplateDailyCheckServiceTest, locations = '{}', classes = '{class org.binchoo.genshin.dailycheck.Application}', contextInitializerClasses = '[]', activeProfiles = '{}', propertySourceLocations = '{}', propertySourceProperties = '{org.springframework.boot.test.context.SpringBootTestContextBootstrapper=true}', contextCustomizers = set[org.springframework.boot.test.autoconfigure.properties.PropertyMappingContextCustomizer@0, org.springframework.boot.test.autoconfigure.web.servlet.WebDriverContextCustomizerFactory$Customizer@331e888b, org.springframework.boot.test.context.filter.ExcludeFilterContextCustomizer@6435acc8, org.springframework.boot.test.json.DuplicateJsonObjectContextCustomizerFactory$DuplicateJsonObjectContextCustomizer@ab4535c, org.springframework.boot.test.mock.mockito.MockitoContextCustomizer@0, org.springframework.boot.test.web.client.TestRestTemplateContextCustomizer@6dbadd78], resourceBasePath = 'src/main/webapp', contextLoader = 'org.springframework.boot.test.context.SpringBootContextLoader', parent = [null]], attributes = map['org.springframework.test.context.web.ServletTestExecutionListener.activateListener' -> true]], class annotated with @DirtiesContext [false] with mode [null].
20:48:25.126 [Test worker] DEBUG org.springframework.test.annotation.ProfileValueUtils - Retrieved @ProfileValueSourceConfiguration [null] for test class [org.binchoo.genshin.dailycheck.client.services.RestTemplateDailyCheckServiceTest]
20:48:25.126 [Test worker] DEBUG org.springframework.test.annotation.ProfileValueUtils - Retrieved ProfileValueSource type [class org.springframework.test.annotation.SystemProfileValueSource] for class [org.binchoo.genshin.dailycheck.client.services.RestTemplateDailyCheckServiceTest]
20:48:25.149 [Test worker] DEBUG org.springframework.test.context.support.TestPropertySourceUtils - Adding inlined properties to environment: {spring.jmx.enabled=false, org.springframework.boot.test.context.SpringBootTestContextBootstrapper=true, server.port=-1}

  .   ____          _            __ _ _
 /\\ / ___'_ __ _ _(_)_ __  __ _ \ \ \ \
( ( )\___ | '_ | '_| | '_ \/ _` | \ \ \ \
 \\/  ___)| |_)| | | | | || (_| |  ) ) ) )
  '  |____| .__|_| |_|_| |_\__, | / / / /
 =========|_|==============|___/=/_/_/_/
 :: Spring Boot ::        (v2.1.6.RELEASE)

2021-10-27 20:48:25.505  INFO 19412 --- [    Test worker] .d.c.s.RestTemplateDailyCheckServiceTest : Starting RestTemplateDailyCheckServiceTest on DESKTOP-RGN2VOK with PID 19412 (started by wnwoq in F:\repositories\HoyolabDailyCheckProject)
2021-10-27 20:48:25.506  INFO 19412 --- [    Test worker] .d.c.s.RestTemplateDailyCheckServiceTest : The following profiles are active: client
2021-10-27 20:48:26.603  INFO 19412 --- [    Test worker] .s.d.r.c.RepositoryConfigurationDelegate : Bootstrapping Spring Data repositories in DEFAULT mode.
2021-10-27 20:48:26.687  INFO 19412 --- [    Test worker] .s.d.r.c.RepositoryConfigurationDelegate : Finished Spring Data repository scanning in 74ms. Found 1 repository interfaces.
2021-10-27 20:48:27.255  INFO 19412 --- [    Test worker] trationDelegate$BeanPostProcessorChecker : Bean 'org.springframework.transaction.annotation.ProxyTransactionManagementConfiguration' of type [org.springframework.transaction.annotation.ProxyTransactionManagementConfiguration$$EnhancerBySpringCGLIB$$bf855d02] is not eligible for getting processed by all BeanPostProcessors (for example: not eligible for auto-proxying)
2021-10-27 20:48:27.471  WARN 19412 --- [    Test worker] c.atomikos.jdbc.AbstractDataSourceBean   : AtomikosDataSoureBean 'dataSource': poolSize equals default - this may cause performance problems!
2021-10-27 20:48:27.710  INFO 19412 --- [    Test worker] c.a.icatch.provider.imp.AssemblerImp     : Loaded jar:file:/C:/Users/wnwoq/.gradle/caches/modules-2/files-2.1/com.atomikos/transactions/4.0.6/1ae19829fd88f5467f45dd1bd9713473f008ff53/transactions-4.0.6.jar!/transactions-defaults.properties
2021-10-27 20:48:27.715  WARN 19412 --- [    Test worker] c.a.icatch.provider.imp.AssemblerImp     : Thanks for using Atomikos! Evaluate http://www.atomikos.com/Main/ExtremeTransactions for advanced features and professional support
or register at http://www.atomikos.com/Main/RegisterYourDownload to disable this message and receive FREE tips & advice
Thanks for using Atomikos! Evaluate http://www.atomikos.com/Main/ExtremeTransactions for advanced features and professional support
or register at http://www.atomikos.com/Main/RegisterYourDownload to disable this message and receive FREE tips & advice
2021-10-27 20:48:27.724  INFO 19412 --- [    Test worker] c.a.icatch.provider.imp.AssemblerImp     : USING: com.atomikos.icatch.default_max_wait_time_on_shutdown = 9223372036854775807
2021-10-27 20:48:27.724  INFO 19412 --- [    Test worker] c.a.icatch.provider.imp.AssemblerImp     : USING: com.atomikos.icatch.allow_subtransactions = true
2021-10-27 20:48:27.724  INFO 19412 --- [    Test worker] c.a.icatch.provider.imp.AssemblerImp     : USING: com.atomikos.icatch.recovery_delay = 10000
2021-10-27 20:48:27.724  INFO 19412 --- [    Test worker] c.a.icatch.provider.imp.AssemblerImp     : USING: com.atomikos.icatch.automatic_resource_registration = true
2021-10-27 20:48:27.725  INFO 19412 --- [    Test worker] c.a.icatch.provider.imp.AssemblerImp     : USING: com.atomikos.icatch.oltp_max_retries = 5
2021-10-27 20:48:27.725  INFO 19412 --- [    Test worker] c.a.icatch.provider.imp.AssemblerImp     : USING: com.atomikos.icatch.client_demarcation = false
2021-10-27 20:48:27.725  INFO 19412 --- [    Test worker] c.a.icatch.provider.imp.AssemblerImp     : USING: com.atomikos.icatch.threaded_2pc = false
2021-10-27 20:48:27.725  INFO 19412 --- [    Test worker] c.a.icatch.provider.imp.AssemblerImp     : USING: com.atomikos.icatch.serial_jta_transactions = true
2021-10-27 20:48:27.725  INFO 19412 --- [    Test worker] c.a.icatch.provider.imp.AssemblerImp     : USING: com.atomikos.icatch.log_base_dir = F:\repositories\HoyolabDailyCheckProject\transaction-logs
2021-10-27 20:48:27.725  INFO 19412 --- [    Test worker] c.a.icatch.provider.imp.AssemblerImp     : USING: com.atomikos.icatch.rmi_export_class = none
2021-10-27 20:48:27.725  INFO 19412 --- [    Test worker] c.a.icatch.provider.imp.AssemblerImp     : USING: com.atomikos.icatch.max_actives = 50
2021-10-27 20:48:27.725  INFO 19412 --- [    Test worker] c.a.icatch.provider.imp.AssemblerImp     : USING: com.atomikos.icatch.checkpoint_interval = 500
2021-10-27 20:48:27.725  INFO 19412 --- [    Test worker] c.a.icatch.provider.imp.AssemblerImp     : USING: com.atomikos.icatch.enable_logging = true
2021-10-27 20:48:27.725  INFO 19412 --- [    Test worker] c.a.icatch.provider.imp.AssemblerImp     : USING: com.atomikos.icatch.log_base_name = tmlog
2021-10-27 20:48:27.725  INFO 19412 --- [    Test worker] c.a.icatch.provider.imp.AssemblerImp     : USING: com.atomikos.icatch.max_timeout = 300000
2021-10-27 20:48:27.725  INFO 19412 --- [    Test worker] c.a.icatch.provider.imp.AssemblerImp     : USING: com.atomikos.icatch.trust_client_tm = false
2021-10-27 20:48:27.725  INFO 19412 --- [    Test worker] c.a.icatch.provider.imp.AssemblerImp     : USING: java.naming.factory.initial = com.sun.jndi.rmi.registry.RegistryContextFactory
2021-10-27 20:48:27.725  INFO 19412 --- [    Test worker] c.a.icatch.provider.imp.AssemblerImp     : USING: com.atomikos.icatch.tm_unique_name = 192.168.219.107.tm
2021-10-27 20:48:27.725  INFO 19412 --- [    Test worker] c.a.icatch.provider.imp.AssemblerImp     : USING: com.atomikos.icatch.forget_orphaned_log_entries_delay = 86400000
2021-10-27 20:48:27.725  INFO 19412 --- [    Test worker] c.a.icatch.provider.imp.AssemblerImp     : USING: com.atomikos.icatch.oltp_retry_interval = 10000
2021-10-27 20:48:27.725  INFO 19412 --- [    Test worker] c.a.icatch.provider.imp.AssemblerImp     : USING: java.naming.provider.url = rmi://localhost:1099
2021-10-27 20:48:27.726  INFO 19412 --- [    Test worker] c.a.icatch.provider.imp.AssemblerImp     : USING: com.atomikos.icatch.force_shutdown_on_vm_exit = false
2021-10-27 20:48:27.726  INFO 19412 --- [    Test worker] c.a.icatch.provider.imp.AssemblerImp     : USING: com.atomikos.icatch.default_jta_timeout = 10000
2021-10-27 20:48:27.727  INFO 19412 --- [    Test worker] c.a.icatch.provider.imp.AssemblerImp     : Using default (local) logging and recovery...
2021-10-27 20:48:27.761  INFO 19412 --- [    Test worker] c.a.d.xa.XATransactionalResource         : dataSource: refreshed XAResource
2021-10-27 20:48:27.979  INFO 19412 --- [    Test worker] o.hibernate.jpa.internal.util.LogHelper  : HHH000204: Processing PersistenceUnitInfo [
	name: default
	...]
2021-10-27 20:48:28.069  INFO 19412 --- [    Test worker] org.hibernate.Version                    : HHH000412: Hibernate Core {5.3.10.Final}
2021-10-27 20:48:28.071  INFO 19412 --- [    Test worker] org.hibernate.cfg.Environment            : HHH000206: hibernate.properties not found
2021-10-27 20:48:28.272  INFO 19412 --- [    Test worker] o.hibernate.annotations.common.Version   : HCANN000001: Hibernate Commons Annotations {5.0.4.Final}
2021-10-27 20:48:28.468  INFO 19412 --- [    Test worker] org.hibernate.dialect.Dialect            : HHH000400: Using dialect: org.hibernate.dialect.H2Dialect
2021-10-27 20:48:28.724  WARN 19412 --- [    Test worker] org.hibernate.mapping.RootClass          : HHH000038: Composite-id class does not override equals(): org.binchoo.genshin.dailycheck.user.entities.LoginTokenId
2021-10-27 20:48:28.724  WARN 19412 --- [    Test worker] org.hibernate.mapping.RootClass          : HHH000039: Composite-id class does not override hashCode(): org.binchoo.genshin.dailycheck.user.entities.LoginTokenId
2021-10-27 20:48:29.278  INFO 19412 --- [    Test worker] o.h.t.schema.internal.SchemaCreatorImpl  : HHH000476: Executing import script 'org.hibernate.tool.schema.internal.exec.ScriptSourceInputNonExistentImpl@720c9241'
2021-10-27 20:48:29.283  INFO 19412 --- [    Test worker] j.LocalContainerEntityManagerFactoryBean : Initialized JPA EntityManagerFactory for persistence unit 'default'
2021-10-27 20:48:29.823  INFO 19412 --- [    Test worker] o.s.s.concurrent.ThreadPoolTaskExecutor  : Initializing ExecutorService 'asyncTaskExecutor'
2021-10-27 20:48:31.026  WARN 19412 --- [    Test worker] aWebConfiguration$JpaWebMvcConfiguration : spring.jpa.open-in-view is enabled by default. Therefore, database queries may be performed during view rendering. Explicitly configure spring.jpa.open-in-view to disable this warning
2021-10-27 20:48:32.193  INFO 19412 --- [    Test worker] o.s.s.c.ThreadPoolTaskScheduler          : Initializing ExecutorService 'taskScheduler'
2021-10-27 20:48:32.291  INFO 19412 --- [    Test worker] o.s.b.a.e.web.EndpointLinksResolver      : Exposing 2 endpoint(s) beneath base path '/actuator'
2021-10-27 20:48:32.379  INFO 19412 --- [    Test worker] .d.c.s.RestTemplateDailyCheckServiceTest : Started RestTemplateDailyCheckServiceTest in 7.221 seconds (JVM running for 10.12)
]]></system-out>
  <system-err><![CDATA[]]></system-err>
</testsuite>
