<?xml version="1.0" encoding="UTF-8"?>
<testsuite name="org.binchoo.genshin.dailycheck.client.services.RestTemplateDailyCheckServiceTest" tests="4" skipped="0" failures="0" errors="0" timestamp="2021-10-27T11:36:05" hostname="DESKTOP-RGN2VOK" time="1.512">
  <properties/>
  <testcase name="postUserCheckedInToday_response_OK_invalid_user" classname="org.binchoo.genshin.dailycheck.client.services.RestTemplateDailyCheckServiceTest" time="0.882"/>
  <testcase name="getMonthlyDailyCheckStatus_response_OK" classname="org.binchoo.genshin.dailycheck.client.services.RestTemplateDailyCheckServiceTest" time="0.386"/>
  <testcase name="postUserCheckedInToday_response_OK" classname="org.binchoo.genshin.dailycheck.client.services.RestTemplateDailyCheckServiceTest" time="0.129"/>
  <testcase name="getMonthlyDailyCheckStatus_response_OK_invalid_user" classname="org.binchoo.genshin.dailycheck.client.services.RestTemplateDailyCheckServiceTest" time="0.114"/>
  <system-out><![CDATA[20:35:57.907 [Test worker] DEBUG org.springframework.test.context.junit4.SpringJUnit4ClassRunner - SpringJUnit4ClassRunner constructor called with [class org.binchoo.genshin.dailycheck.client.services.RestTemplateDailyCheckServiceTest]
20:35:57.914 [Test worker] DEBUG org.springframework.test.context.BootstrapUtils - Instantiating CacheAwareContextLoaderDelegate from class [org.springframework.test.context.cache.DefaultCacheAwareContextLoaderDelegate]
20:35:57.923 [Test worker] DEBUG org.springframework.test.context.BootstrapUtils - Instantiating BootstrapContext using constructor [public org.springframework.test.context.support.DefaultBootstrapContext(java.lang.Class,org.springframework.test.context.CacheAwareContextLoaderDelegate)]
20:35:57.940 [Test worker] DEBUG org.springframework.test.context.BootstrapUtils - Instantiating TestContextBootstrapper for test class [org.binchoo.genshin.dailycheck.client.services.RestTemplateDailyCheckServiceTest] from class [org.springframework.boot.test.context.SpringBootTestContextBootstrapper]
20:35:57.954 [Test worker] INFO org.springframework.boot.test.context.SpringBootTestContextBootstrapper - Neither @ContextConfiguration nor @ContextHierarchy found for test class [org.binchoo.genshin.dailycheck.client.services.RestTemplateDailyCheckServiceTest], using SpringBootContextLoader
20:35:57.958 [Test worker] DEBUG org.springframework.test.context.support.AbstractContextLoader - Did not detect default resource location for test class [org.binchoo.genshin.dailycheck.client.services.RestTemplateDailyCheckServiceTest]: class path resource [org/binchoo/genshin/dailycheck/client/services/RestTemplateDailyCheckServiceTest-context.xml] does not exist
20:35:57.958 [Test worker] DEBUG org.springframework.test.context.support.AbstractContextLoader - Did not detect default resource location for test class [org.binchoo.genshin.dailycheck.client.services.RestTemplateDailyCheckServiceTest]: class path resource [org/binchoo/genshin/dailycheck/client/services/RestTemplateDailyCheckServiceTestContext.groovy] does not exist
20:35:57.958 [Test worker] INFO org.springframework.test.context.support.AbstractContextLoader - Could not detect default resource locations for test class [org.binchoo.genshin.dailycheck.client.services.RestTemplateDailyCheckServiceTest]: no resource found for suffixes {-context.xml, Context.groovy}.
20:35:57.959 [Test worker] INFO org.springframework.test.context.support.AnnotationConfigContextLoaderUtils - Could not detect default configuration classes for test class [org.binchoo.genshin.dailycheck.client.services.RestTemplateDailyCheckServiceTest]: RestTemplateDailyCheckServiceTest does not declare any static, non-private, non-final, nested classes annotated with @Configuration.
20:35:58.004 [Test worker] DEBUG org.springframework.test.context.support.ActiveProfilesUtils - Could not find an 'annotation declaring class' for annotation type [org.springframework.test.context.ActiveProfiles] and class [org.binchoo.genshin.dailycheck.client.services.RestTemplateDailyCheckServiceTest]
20:35:58.093 [Test worker] DEBUG org.springframework.context.annotation.ClassPathScanningCandidateComponentProvider - Identified candidate component class: file [F:\repositories\HoyolabDailyCheckProject\build\classes\java\main\org\binchoo\genshin\dailycheck\Application.class]
20:35:58.094 [Test worker] INFO org.springframework.boot.test.context.SpringBootTestContextBootstrapper - Found @SpringBootConfiguration org.binchoo.genshin.dailycheck.Application for test class org.binchoo.genshin.dailycheck.client.services.RestTemplateDailyCheckServiceTest
20:35:58.229 [Test worker] DEBUG org.springframework.boot.test.context.SpringBootTestContextBootstrapper - @TestExecutionListeners is not present for class [org.binchoo.genshin.dailycheck.client.services.RestTemplateDailyCheckServiceTest]: using defaults.
20:35:58.230 [Test worker] INFO org.springframework.boot.test.context.SpringBootTestContextBootstrapper - Loaded default TestExecutionListener class names from location [META-INF/spring.factories]: [org.springframework.boot.test.autoconfigure.restdocs.RestDocsTestExecutionListener, org.springframework.boot.test.autoconfigure.web.client.MockRestServiceServerResetTestExecutionListener, org.springframework.boot.test.autoconfigure.web.servlet.MockMvcPrintOnlyOnFailureTestExecutionListener, org.springframework.boot.test.autoconfigure.web.servlet.WebDriverTestExecutionListener, org.springframework.boot.test.mock.mockito.MockitoTestExecutionListener, org.springframework.boot.test.mock.mockito.ResetMocksTestExecutionListener, org.springframework.test.context.web.ServletTestExecutionListener, org.springframework.test.context.support.DirtiesContextBeforeModesTestExecutionListener, org.springframework.test.context.support.DependencyInjectionTestExecutionListener, org.springframework.test.context.support.DirtiesContextTestExecutionListener, org.springframework.test.context.transaction.TransactionalTestExecutionListener, org.springframework.test.context.jdbc.SqlScriptsTestExecutionListener]
20:35:58.260 [Test worker] INFO org.springframework.boot.test.context.SpringBootTestContextBootstrapper - Using TestExecutionListeners: [org.springframework.test.context.web.ServletTestExecutionListener@1c4d94a3, org.springframework.test.context.support.DirtiesContextBeforeModesTestExecutionListener@3f56b779, org.springframework.boot.test.mock.mockito.MockitoTestExecutionListener@198895a5, org.springframework.boot.test.autoconfigure.SpringBootDependencyInjectionTestExecutionListener@4f16e470, org.springframework.test.context.support.DirtiesContextTestExecutionListener@3f0e89bd, org.springframework.test.context.transaction.TransactionalTestExecutionListener@35e90c5a, org.springframework.test.context.jdbc.SqlScriptsTestExecutionListener@681182ff, org.springframework.boot.test.autoconfigure.restdocs.RestDocsTestExecutionListener@10dcdee9, org.springframework.boot.test.autoconfigure.web.client.MockRestServiceServerResetTestExecutionListener@5b54ee2e, org.springframework.boot.test.autoconfigure.web.servlet.MockMvcPrintOnlyOnFailureTestExecutionListener@2622b2c2, org.springframework.boot.test.autoconfigure.web.servlet.WebDriverTestExecutionListener@42c0da83, org.springframework.boot.test.mock.mockito.ResetMocksTestExecutionListener@349d6fa4]
20:35:58.264 [Test worker] DEBUG org.springframework.test.annotation.ProfileValueUtils - Retrieved @ProfileValueSourceConfiguration [null] for test class [org.binchoo.genshin.dailycheck.client.services.RestTemplateDailyCheckServiceTest]
20:35:58.265 [Test worker] DEBUG org.springframework.test.annotation.ProfileValueUtils - Retrieved ProfileValueSource type [class org.springframework.test.annotation.SystemProfileValueSource] for class [org.binchoo.genshin.dailycheck.client.services.RestTemplateDailyCheckServiceTest]
20:35:58.269 [Test worker] DEBUG org.springframework.test.annotation.ProfileValueUtils - Retrieved @ProfileValueSourceConfiguration [null] for test class [org.binchoo.genshin.dailycheck.client.services.RestTemplateDailyCheckServiceTest]
20:35:58.269 [Test worker] DEBUG org.springframework.test.annotation.ProfileValueUtils - Retrieved ProfileValueSource type [class org.springframework.test.annotation.SystemProfileValueSource] for class [org.binchoo.genshin.dailycheck.client.services.RestTemplateDailyCheckServiceTest]
20:35:58.270 [Test worker] DEBUG org.springframework.test.annotation.ProfileValueUtils - Retrieved @ProfileValueSourceConfiguration [null] for test class [org.binchoo.genshin.dailycheck.client.services.RestTemplateDailyCheckServiceTest]
20:35:58.270 [Test worker] DEBUG org.springframework.test.annotation.ProfileValueUtils - Retrieved ProfileValueSource type [class org.springframework.test.annotation.SystemProfileValueSource] for class [org.binchoo.genshin.dailycheck.client.services.RestTemplateDailyCheckServiceTest]
20:35:58.276 [Test worker] DEBUG org.springframework.test.context.support.AbstractDirtiesContextTestExecutionListener - Before test class: context [DefaultTestContext@5dda1399 testClass = RestTemplateDailyCheckServiceTest, testInstance = [null], testMethod = [null], testException = [null], mergedContextConfiguration = [WebMergedContextConfiguration@129cb6be testClass = RestTemplateDailyCheckServiceTest, locations = '{}', classes = '{class org.binchoo.genshin.dailycheck.Application}', contextInitializerClasses = '[]', activeProfiles = '{}', propertySourceLocations = '{}', propertySourceProperties = '{org.springframework.boot.test.context.SpringBootTestContextBootstrapper=true}', contextCustomizers = set[org.springframework.boot.test.autoconfigure.properties.PropertyMappingContextCustomizer@0, org.springframework.boot.test.autoconfigure.web.servlet.WebDriverContextCustomizerFactory$Customizer@4024354d, org.springframework.boot.test.context.filter.ExcludeFilterContextCustomizer@6eaf3479, org.springframework.boot.test.json.DuplicateJsonObjectContextCustomizerFactory$DuplicateJsonObjectContextCustomizer@36bfbb56, org.springframework.boot.test.mock.mockito.MockitoContextCustomizer@0, org.springframework.boot.test.web.client.TestRestTemplateContextCustomizer@30c3b8eb], resourceBasePath = 'src/main/webapp', contextLoader = 'org.springframework.boot.test.context.SpringBootContextLoader', parent = [null]], attributes = map['org.springframework.test.context.web.ServletTestExecutionListener.activateListener' -> true]], class annotated with @DirtiesContext [false] with mode [null].
20:35:58.277 [Test worker] DEBUG org.springframework.test.annotation.ProfileValueUtils - Retrieved @ProfileValueSourceConfiguration [null] for test class [org.binchoo.genshin.dailycheck.client.services.RestTemplateDailyCheckServiceTest]
20:35:58.277 [Test worker] DEBUG org.springframework.test.annotation.ProfileValueUtils - Retrieved ProfileValueSource type [class org.springframework.test.annotation.SystemProfileValueSource] for class [org.binchoo.genshin.dailycheck.client.services.RestTemplateDailyCheckServiceTest]
20:35:58.302 [Test worker] DEBUG org.springframework.test.context.support.TestPropertySourceUtils - Adding inlined properties to environment: {spring.jmx.enabled=false, org.springframework.boot.test.context.SpringBootTestContextBootstrapper=true, server.port=-1}

  .   ____          _            __ _ _
 /\\ / ___'_ __ _ _(_)_ __  __ _ \ \ \ \
( ( )\___ | '_ | '_| | '_ \/ _` | \ \ \ \
 \\/  ___)| |_)| | | | | || (_| |  ) ) ) )
  '  |____| .__|_| |_|_| |_\__, | / / / /
 =========|_|==============|___/=/_/_/_/
 :: Spring Boot ::        (v2.1.6.RELEASE)

2021-10-27 20:35:58.656  INFO 18892 --- [    Test worker] .d.c.s.RestTemplateDailyCheckServiceTest : Starting RestTemplateDailyCheckServiceTest on DESKTOP-RGN2VOK with PID 18892 (started by wnwoq in F:\repositories\HoyolabDailyCheckProject)
2021-10-27 20:35:58.657  INFO 18892 --- [    Test worker] .d.c.s.RestTemplateDailyCheckServiceTest : The following profiles are active: client
2021-10-27 20:35:59.800  INFO 18892 --- [    Test worker] .s.d.r.c.RepositoryConfigurationDelegate : Bootstrapping Spring Data repositories in DEFAULT mode.
2021-10-27 20:35:59.898  INFO 18892 --- [    Test worker] .s.d.r.c.RepositoryConfigurationDelegate : Finished Spring Data repository scanning in 87ms. Found 1 repository interfaces.
2021-10-27 20:36:00.487  INFO 18892 --- [    Test worker] trationDelegate$BeanPostProcessorChecker : Bean 'org.springframework.transaction.annotation.ProxyTransactionManagementConfiguration' of type [org.springframework.transaction.annotation.ProxyTransactionManagementConfiguration$$EnhancerBySpringCGLIB$$a7775b13] is not eligible for getting processed by all BeanPostProcessors (for example: not eligible for auto-proxying)
2021-10-27 20:36:00.702  WARN 18892 --- [    Test worker] c.atomikos.jdbc.AbstractDataSourceBean   : AtomikosDataSoureBean 'dataSource': poolSize equals default - this may cause performance problems!
2021-10-27 20:36:00.965  INFO 18892 --- [    Test worker] c.a.icatch.provider.imp.AssemblerImp     : Loaded jar:file:/C:/Users/wnwoq/.gradle/caches/modules-2/files-2.1/com.atomikos/transactions/4.0.6/1ae19829fd88f5467f45dd1bd9713473f008ff53/transactions-4.0.6.jar!/transactions-defaults.properties
2021-10-27 20:36:00.971  WARN 18892 --- [    Test worker] c.a.icatch.provider.imp.AssemblerImp     : Thanks for using Atomikos! Evaluate http://www.atomikos.com/Main/ExtremeTransactions for advanced features and professional support
or register at http://www.atomikos.com/Main/RegisterYourDownload to disable this message and receive FREE tips & advice
Thanks for using Atomikos! Evaluate http://www.atomikos.com/Main/ExtremeTransactions for advanced features and professional support
or register at http://www.atomikos.com/Main/RegisterYourDownload to disable this message and receive FREE tips & advice
2021-10-27 20:36:00.981  INFO 18892 --- [    Test worker] c.a.icatch.provider.imp.AssemblerImp     : USING: com.atomikos.icatch.default_max_wait_time_on_shutdown = 9223372036854775807
2021-10-27 20:36:00.981  INFO 18892 --- [    Test worker] c.a.icatch.provider.imp.AssemblerImp     : USING: com.atomikos.icatch.allow_subtransactions = true
2021-10-27 20:36:00.982  INFO 18892 --- [    Test worker] c.a.icatch.provider.imp.AssemblerImp     : USING: com.atomikos.icatch.recovery_delay = 10000
2021-10-27 20:36:00.982  INFO 18892 --- [    Test worker] c.a.icatch.provider.imp.AssemblerImp     : USING: com.atomikos.icatch.automatic_resource_registration = true
2021-10-27 20:36:00.982  INFO 18892 --- [    Test worker] c.a.icatch.provider.imp.AssemblerImp     : USING: com.atomikos.icatch.oltp_max_retries = 5
2021-10-27 20:36:00.982  INFO 18892 --- [    Test worker] c.a.icatch.provider.imp.AssemblerImp     : USING: com.atomikos.icatch.client_demarcation = false
2021-10-27 20:36:00.982  INFO 18892 --- [    Test worker] c.a.icatch.provider.imp.AssemblerImp     : USING: com.atomikos.icatch.threaded_2pc = false
2021-10-27 20:36:00.982  INFO 18892 --- [    Test worker] c.a.icatch.provider.imp.AssemblerImp     : USING: com.atomikos.icatch.serial_jta_transactions = true
2021-10-27 20:36:00.982  INFO 18892 --- [    Test worker] c.a.icatch.provider.imp.AssemblerImp     : USING: com.atomikos.icatch.log_base_dir = F:\repositories\HoyolabDailyCheckProject\transaction-logs
2021-10-27 20:36:00.983  INFO 18892 --- [    Test worker] c.a.icatch.provider.imp.AssemblerImp     : USING: com.atomikos.icatch.rmi_export_class = none
2021-10-27 20:36:00.983  INFO 18892 --- [    Test worker] c.a.icatch.provider.imp.AssemblerImp     : USING: com.atomikos.icatch.max_actives = 50
2021-10-27 20:36:00.983  INFO 18892 --- [    Test worker] c.a.icatch.provider.imp.AssemblerImp     : USING: com.atomikos.icatch.checkpoint_interval = 500
2021-10-27 20:36:00.983  INFO 18892 --- [    Test worker] c.a.icatch.provider.imp.AssemblerImp     : USING: com.atomikos.icatch.enable_logging = true
2021-10-27 20:36:00.983  INFO 18892 --- [    Test worker] c.a.icatch.provider.imp.AssemblerImp     : USING: com.atomikos.icatch.log_base_name = tmlog
2021-10-27 20:36:00.983  INFO 18892 --- [    Test worker] c.a.icatch.provider.imp.AssemblerImp     : USING: com.atomikos.icatch.max_timeout = 300000
2021-10-27 20:36:00.983  INFO 18892 --- [    Test worker] c.a.icatch.provider.imp.AssemblerImp     : USING: com.atomikos.icatch.trust_client_tm = false
2021-10-27 20:36:00.983  INFO 18892 --- [    Test worker] c.a.icatch.provider.imp.AssemblerImp     : USING: java.naming.factory.initial = com.sun.jndi.rmi.registry.RegistryContextFactory
2021-10-27 20:36:00.983  INFO 18892 --- [    Test worker] c.a.icatch.provider.imp.AssemblerImp     : USING: com.atomikos.icatch.tm_unique_name = 192.168.219.107.tm
2021-10-27 20:36:00.983  INFO 18892 --- [    Test worker] c.a.icatch.provider.imp.AssemblerImp     : USING: com.atomikos.icatch.forget_orphaned_log_entries_delay = 86400000
2021-10-27 20:36:00.984  INFO 18892 --- [    Test worker] c.a.icatch.provider.imp.AssemblerImp     : USING: com.atomikos.icatch.oltp_retry_interval = 10000
2021-10-27 20:36:00.984  INFO 18892 --- [    Test worker] c.a.icatch.provider.imp.AssemblerImp     : USING: java.naming.provider.url = rmi://localhost:1099
2021-10-27 20:36:00.984  INFO 18892 --- [    Test worker] c.a.icatch.provider.imp.AssemblerImp     : USING: com.atomikos.icatch.force_shutdown_on_vm_exit = false
2021-10-27 20:36:00.984  INFO 18892 --- [    Test worker] c.a.icatch.provider.imp.AssemblerImp     : USING: com.atomikos.icatch.default_jta_timeout = 10000
2021-10-27 20:36:00.986  INFO 18892 --- [    Test worker] c.a.icatch.provider.imp.AssemblerImp     : Using default (local) logging and recovery...
2021-10-27 20:36:01.030  INFO 18892 --- [    Test worker] c.a.d.xa.XATransactionalResource         : dataSource: refreshed XAResource
2021-10-27 20:36:01.253  INFO 18892 --- [    Test worker] o.hibernate.jpa.internal.util.LogHelper  : HHH000204: Processing PersistenceUnitInfo [
	name: default
	...]
2021-10-27 20:36:01.343  INFO 18892 --- [    Test worker] org.hibernate.Version                    : HHH000412: Hibernate Core {5.3.10.Final}
2021-10-27 20:36:01.345  INFO 18892 --- [    Test worker] org.hibernate.cfg.Environment            : HHH000206: hibernate.properties not found
2021-10-27 20:36:01.561  INFO 18892 --- [    Test worker] o.hibernate.annotations.common.Version   : HCANN000001: Hibernate Commons Annotations {5.0.4.Final}
2021-10-27 20:36:01.760  INFO 18892 --- [    Test worker] org.hibernate.dialect.Dialect            : HHH000400: Using dialect: org.hibernate.dialect.H2Dialect
2021-10-27 20:36:02.017  WARN 18892 --- [    Test worker] org.hibernate.mapping.RootClass          : HHH000038: Composite-id class does not override equals(): org.binchoo.genshin.dailycheck.user.entities.LoginTokenId
2021-10-27 20:36:02.018  WARN 18892 --- [    Test worker] org.hibernate.mapping.RootClass          : HHH000039: Composite-id class does not override hashCode(): org.binchoo.genshin.dailycheck.user.entities.LoginTokenId
2021-10-27 20:36:02.591  INFO 18892 --- [    Test worker] o.h.t.schema.internal.SchemaCreatorImpl  : HHH000476: Executing import script 'org.hibernate.tool.schema.internal.exec.ScriptSourceInputNonExistentImpl@87ce3a7'
2021-10-27 20:36:02.595  INFO 18892 --- [    Test worker] j.LocalContainerEntityManagerFactoryBean : Initialized JPA EntityManagerFactory for persistence unit 'default'
2021-10-27 20:36:03.132  INFO 18892 --- [    Test worker] o.s.s.concurrent.ThreadPoolTaskExecutor  : Initializing ExecutorService 'asyncTaskExecutor'
2021-10-27 20:36:04.469  WARN 18892 --- [    Test worker] aWebConfiguration$JpaWebMvcConfiguration : spring.jpa.open-in-view is enabled by default. Therefore, database queries may be performed during view rendering. Explicitly configure spring.jpa.open-in-view to disable this warning
2021-10-27 20:36:05.635  INFO 18892 --- [    Test worker] o.s.s.c.ThreadPoolTaskScheduler          : Initializing ExecutorService 'taskScheduler'
2021-10-27 20:36:05.735  INFO 18892 --- [    Test worker] o.s.b.a.e.web.EndpointLinksResolver      : Exposing 2 endpoint(s) beneath base path '/actuator'
2021-10-27 20:36:05.827  INFO 18892 --- [    Test worker] .d.c.s.RestTemplateDailyCheckServiceTest : Started RestTemplateDailyCheckServiceTest in 7.516 seconds (JVM running for 10.428)
]]></system-out>
  <system-err><![CDATA[]]></system-err>
</testsuite>
